2026-05-04 15:07:26 - Session ID: c0pt6noqd00id4k5g7suj7ns02 - Save Path: C:\xampp\tmp
2026-05-04 15:09:21 - Session ID: c0pt6noqd00id4k5g7suj7ns02 - Save Path: C:\xampp\tmp
2026-05-04 15:10:33 - Session ID: uffo3rilvpopu11trq6na876kg - Save Path: C:\xampp\tmp
2026-05-04 15:19:16 - Session ID: 99olq0m6dttsnvcfusqs5pm77i - Save Path: C:\xampp\tmp
2026-05-04 15:19:49 - Session ID: 99olq0m6dttsnvcfusqs5pm77i - Save Path: C:\xampp\tmp
2026-05-04 15:20:23 - Session ID: 99olq0m6dttsnvcfusqs5pm77i - Save Path: C:\xampp\tmp
2026-05-04 15:23:10 - Session ID: fr4o53e4q8e7abltlr93v01ns1 - Save Path: C:\xampp\tmp
2026-05-04 15:26:30 - Session ID: fr4o53e4q8e7abltlr93v01ns1 - Save Path: C:\xampp\tmp
2026-05-04 15:36:24 - Session ID: 0vdguj99okr81mk02tb51kvg2a - Save Path: C:\xampp\tmp
2026-05-04 15:44:36 - Session ID: 0vdguj99okr81mk02tb51kvg2a - Save Path: C:\xampp\tmp
2026-05-04 15:44:43 - Session ID: avr6akf5u6is9l8o2tb8bb790e - Save Path: C:\xampp\tmp
2026-05-04 15:46:37 - Session ID: avr6akf5u6is9l8o2tb8bb790e - Save Path: C:\xampp\tmp
2026-05-04 15:54:33 - Session ID: 9ofolq9flb3gafmkkjm8vca5m4 - Save Path: C:\xampp\tmp
2026-05-04 16:01:27 - Session ID: 9ofolq9flb3gafmkkjm8vca5m4 - Save Path: C:\xampp\tmp
2026-05-04 16:05:37 - Session ID: 3aevkq1uino8i7ck8469ak0udf - Save Path: C:\xampp\tmp
2026-05-04 16:06:37 - Session ID: 3aevkq1uino8i7ck8469ak0udf - Save Path: C:\xampp\tmp
2026-05-04 16:12:01 - Session ID: k30dhjs71atsclfb1i1av86lvl - Save Path: C:\xampp\tmp
2026-05-04 16:15:12 - Session ID: k30dhjs71atsclfb1i1av86lvl - Save Path: C:\xampp\tmp
2026-05-04 16:20:31 - Session ID: 6sdais4ok06ghcm1i1tnnjdfl6 - Save Path: C:\xampp\tmp
2026-05-04 16:21:46 - Session ID: 6sdais4ok06ghcm1i1tnnjdfl6 - Save Path: C:\xampp\tmp
2026-05-04 16:22:29 - Session ID: vp8jojfh5a5hv9o9bntejss7su - Save Path: C:\xampp\tmp
2026-05-04 16:22:42 - Session ID: vp8jojfh5a5hv9o9bntejss7su - Save Path: C:\xampp\tmp
2026-05-04 16:22:47 - Session ID: vp8jojfh5a5hv9o9bntejss7su - Save Path: C:\xampp\tmp
2026-05-04 16:23:01 - Session ID: vp8jojfh5a5hv9o9bntejss7su - Save Path: C:\xampp\tmp
2026-05-04 16:24:17 - Session ID: f2gh0r7up43e2i6v563ukuejpd - Save Path: C:\xampp\tmp
2026-05-04 16:30:43 - Session ID: f2gh0r7up43e2i6v563ukuejpd - Save Path: C:\xampp\tmp
2026-05-04 16:31:05 - Session ID: t73atnsh17rbtr3f8k0riu1mag - Save Path: C:\xampp\tmp
2026-05-04 16:32:41 - Session ID: t73atnsh17rbtr3f8k0riu1mag - Save Path: C:\xampp\tmp
2026-05-04 16:32:51 - Session ID: 8msbp8nsnb5cka6gij0ar5j7o4 - Save Path: C:\xampp\tmp
2026-05-04 16:37:43 - Session ID: 8msbp8nsnb5cka6gij0ar5j7o4 - Save Path: C:\xampp\tmp
2026-05-04 16:43:24 - Session ID: p0mels2fapnoqgl5g5jp22gc36 - Save Path: C:\xampp\tmp
2026-05-04 17:25:26 - Session ID: p0mels2fapnoqgl5g5jp22gc36 - Save Path: C:\xampp\tmp
2026-05-04 17:25:26 - Session ID: tqg3hk30behj89qvcgvvb8jpdt - Save Path: C:\xampp\tmp
2026-05-04 17:31:26 - Session ID: 734qht91ei0uanmks7fovdhnlg - Save Path: C:\xampp\tmp
2026-05-04 17:39:11 - Session ID: 734qht91ei0uanmks7fovdhnlg - Save Path: C:\xampp\tmp
2026-05-04 18:27:51 - Session ID: b3dskguogidd2uca7qr0jc8qqg - Save Path: C:\xampp\tmp
2026-05-04 18:33:12 - Session ID: bn5349orktimes16udae0fqcfi - Save Path: C:\xampp\tmp
2026-05-04 18:44:13 - Session ID: bn5349orktimes16udae0fqcfi - Save Path: C:\xampp\tmp
2026-05-04 20:52:26 - Session ID: 4cb4mpbgvl7vciv9ojdccpdbrc - Save Path: C:\xampp\tmp
2026-05-04 21:13:09 - Session ID: 4cb4mpbgvl7vciv9ojdccpdbrc - Save Path: C:\xampp\tmp
2026-05-04 21:18:31 - Session ID: of7usngpnocet3s8uhmons20ct - Save Path: C:\xampp\tmp
2026-05-05 13:55:54 - Session ID: 9j1fv891rmabq79bjm635s0cmr - Save Path: C:\xampp\tmp
2026-05-05 15:14:30 - Session ID: ae3a3m7nimeubf14qu1g55vkrn - Save Path: C:\xampp\tmp
2026-05-05 16:24:09 - Session ID: ae3a3m7nimeubf14qu1g55vkrn - Save Path: C:\xampp\tmp
2026-05-05 16:24:25 - Session ID: 3k00ocppcfthlrmritk3lprdjs - Save Path: C:\xampp\tmp
2026-05-05 16:24:50 - Session ID: 3k00ocppcfthlrmritk3lprdjs - Save Path: C:\xampp\tmp
2026-05-05 16:24:55 - Session ID: 6in3avh3t734a7btftp6nhcojl - Save Path: C:\xampp\tmp
2026-05-05 16:25:09 - Session ID: 6in3avh3t734a7btftp6nhcojl - Save Path: C:\xampp\tmp
2026-05-05 16:25:13 - Session ID: 6in3avh3t734a7btftp6nhcojl - Save Path: C:\xampp\tmp
2026-05-05 16:25:44 - Session ID: 6in3avh3t734a7btftp6nhcojl - Save Path: C:\xampp\tmp
2026-05-05 16:25:48 - Session ID: cjhpoo8o566n5c9vuvvdi1drgg - Save Path: C:\xampp\tmp
2026-05-05 16:49:44 - Session ID: cjhpoo8o566n5c9vuvvdi1drgg - Save Path: C:\xampp\tmp
2026-05-05 16:49:53 - Session ID: bqt87jsok8plf01ogs3nlg9u4r - Save Path: C:\xampp\tmp
2026-05-05 16:50:30 - Session ID: bqt87jsok8plf01ogs3nlg9u4r - Save Path: C:\xampp\tmp
2026-05-05 16:50:35 - Session ID: 7fd7gnlebcq6551hsiusvdupu9 - Save Path: C:\xampp\tmp
2026-05-05 16:50:37 - Session ID: 7fd7gnlebcq6551hsiusvdupu9 - Save Path: C:\xampp\tmp
2026-05-05 16:50:43 - Session ID: v1n8qu9jgiko7tpj8jrg04aupt - Save Path: C:\xampp\tmp
2026-05-05 18:05:52 - Session ID: v1n8qu9jgiko7tpj8jrg04aupt - Save Path: C:\xampp\tmp
2026-05-05 18:05:56 - Session ID: kd37a19i7b8sbrp0vqd91u5ibu - Save Path: C:\xampp\tmp
2026-05-05 18:06:13 - Session ID: kd37a19i7b8sbrp0vqd91u5ibu - Save Path: C:\xampp\tmp
2026-05-05 18:06:19 - Session ID: 0qtd78pk6i026iuepnirhcsdl8 - Save Path: C:\xampp\tmp
2026-05-05 18:25:01 - Session ID: 0qtd78pk6i026iuepnirhcsdl8 - Save Path: C:\xampp\tmp
2026-05-05 18:25:18 - Session ID: 4j6q66eucmf46e5jqg0brqgbic - Save Path: C:\xampp\tmp
2026-05-05 18:34:22 - Session ID: 4j6q66eucmf46e5jqg0brqgbic - Save Path: C:\xampp\tmp
2026-05-05 18:41:55 - Session ID: d9hs81q881l2skd5nkvhv9chu3 - Save Path: C:\xampp\tmp
2026-05-05 18:44:26 - Session ID: d9hs81q881l2skd5nkvhv9chu3 - Save Path: C:\xampp\tmp
2026-05-05 18:58:13 - Session ID: f1mnu44kqdu2dn8rurpfrdc0nf - Save Path: C:\xampp\tmp
2026-05-05 20:50:10 - Session ID: f1mnu44kqdu2dn8rurpfrdc0nf - Save Path: C:\xampp\tmp
2026-05-05 20:50:17 - Session ID: fvrj3uc16fvfvg1p9h4p8h1bvj - Save Path: C:\xampp\tmp
2026-05-06 15:18:06 - Session ID: 4p0l96k7k0p0d26fhulkh7d420 - Save Path: C:\xampp\tmp
2026-05-06 15:18:58 - Session ID: 4p0l96k7k0p0d26fhulkh7d420 - Save Path: C:\xampp\tmp
2026-05-06 15:19:28 - Session ID: 4p0l96k7k0p0d26fhulkh7d420 - Save Path: C:\xampp\tmp
2026-05-06 15:31:35 - Session ID: rfs666oopdam5o9uj5064doc23 - Save Path: C:\xampp\tmp
2026-05-06 16:16:44 - Session ID: rfs666oopdam5o9uj5064doc23 - Save Path: C:\xampp\tmp
2026-05-06 16:22:12 - Session ID: 4p0l96k7k0p0d26fhulkh7d420 - Save Path: C:\xampp\tmp
2026-05-06 16:22:18 - Session ID: mm3v3cbbl52igpc871dp4umh6d - Save Path: C:\xampp\tmp
2026-05-07 15:17:02 - Session ID: 3024kvdcfh3oloi0vbk97cuqdd - Save Path: C:\xampp\tmp
2026-05-07 15:18:33 - Session ID: voql3g3f2gds9qbpakrh5vn7ik - Save Path: C:\xampp\tmp
2026-05-07 15:39:06 - Session ID: m25ohlm7qldk0op3g9unmg3jis - Save Path: C:\xampp\tmp
2026-05-07 15:39:09 - Session ID: n73lgqu460k833qkebrdpkm2mk - Save Path: C:\xampp\tmp
2026-05-07 15:39:13 - Session ID: bjg6cktkrr15bh1crepfg1071p - Save Path: C:\xampp\tmp
2026-05-07 15:39:16 - Session ID: ufib9cmrthe941g55ghdiouehn - Save Path: C:\xampp\tmp
2026-05-07 15:53:40 - Session ID: erkg0sh0nbk23dslfev698l1uc - Save Path: C:\xampp\tmp
2026-05-10 19:12:31 - Session ID: 03ls8srsoehm9r4rj65qak2duo - Save Path: C:\xampp\tmp
